<?xml version="1.0" encoding="UTF-8"?>
<project xmlns="http://maven.apache.org/POM/4.0.0" xmlns:xsi="http://www.w3.org/2001/XMLSchema-instance"
         xsi:schemaLocation="http://maven.apache.org/POM/4.0.0 http://maven.apache.org/maven-v4_0_0.xsd">
    <modelVersion>4.0.0</modelVersion>

    <groupId>com.soundmotif.toolbox</groupId>
    <artifactId>cq-maven-plugin</artifactId>
    <packaging>pom</packaging>
    <version>1.0-SNAPSHOT</version>

    <dependencies>
        <dependency>
            <groupId>junit</groupId>
            <artifactId>junit</artifactId>
            <version>4.8</version>
            <scope>test</scope>
        </dependency>
    </dependencies>

    <build>
        <plugins>
            <plugin>
                <groupId>com.soundmotif.toolbox</groupId>
                <artifactId>cq-maven-plugin</artifactId>
                <version>1.0-SNAPSHOT</version>
                <configuration>
                    <host>http://localhost:4502</host>
                    <user>admin</user>
                    <password>admin</password>
                    <felixConsolePath>/system/console/bundles</felixConsolePath>
                    <bundlesServiceExposed>
                        <param>org.apache.sling.commons.html</param>
                        <param>org.apache.sling.commons.compiler</param>
                        <param>org.apache.sling.servlets.compat</param>
                        <param>org.apache.sling.jcr.davex</param>
                        <param>org.apache.sling.servlets.get</param>
                        <param>com.adobe.sharedcloud.worker.XMPFilesProcessor.native.fragment.linux</param>
                    </bundlesServiceExposed>
                </configuration>
            </plugin>
        </plugins>
    </build>

</project>
